2025-07-28 12:54:53,093 - SECURITY - WARNING - [PROMPT_GENERATION] MEDIUM - Mittente: "noreply@gruppopellegrini.it" , Lunghezza: 1545
2025-07-28 12:54:55,345 - SECURITY - WARNING - [MISSING_REQUIRED_FIELD] ERROR - Campo mancante: nome
2025-07-28 12:54:55,345 - SECURITY - WARNING - [AI_RESPONSE_REJECTED] ERROR - Risposta AI non valida
2025-07-28 12:56:30,715 - SECURITY - WARNING - [PROMPT_GENERATION] MEDIUM - Mittente: Rainer BATTISTI <rainer.battis, Lunghezza: 1586
2025-07-28 12:56:32,180 - SECURITY - WARNING - [MISSING_REQUIRED_FIELD] ERROR - Campo mancante: nome
2025-07-28 12:56:32,180 - SECURITY - WARNING - [AI_RESPONSE_REJECTED] ERROR - Risposta AI non valida
2025-07-28 12:56:34,434 - SECURITY - WARNING - [PROMPT_GENERATION] MEDIUM - Mittente: Rainer BATTISTI <rainer.battis, Lunghezza: 2001
2025-07-28 12:56:35,884 - SECURITY - WARNING - [INVALID_AI_RESPONSE] ERROR - Risposta non è JSON valido
2025-07-28 12:56:35,884 - SECURITY - WARNING - [AI_RESPONSE_REJECTED] ERROR - Risposta AI non valida
2025-07-28 12:56:38,325 - SECURITY - WARNING - [PROMPT_GENERATION] MEDIUM - Mittente: MySisal <sys@tantosvago.it>, Lunghezza: 1775
2025-07-28 12:56:39,563 - SECURITY - WARNING - [INVALID_AI_RESPONSE] ERROR - Risposta non è JSON valido
2025-07-28 12:56:39,563 - SECURITY - WARNING - [AI_RESPONSE_REJECTED] ERROR - Risposta AI non valida
2025-07-28 12:56:41,880 - SECURITY - WARNING - [PROMPT_GENERATION] MEDIUM - Mittente: NoReply <noreply@eudaimon.it>, Lunghezza: 1044
2025-07-28 12:56:43,197 - SECURITY - WARNING - [MISSING_REQUIRED_FIELD] ERROR - Campo mancante: nome
2025-07-28 12:56:43,197 - SECURITY - WARNING - [AI_RESPONSE_REJECTED] ERROR - Risposta AI non valida
2025-07-28 12:56:45,447 - SECURITY - WARNING - [PROMPT_GENERATION] MEDIUM - Mittente: "noreply@gruppopellegrini.it" , Lunghezza: 1513
2025-07-28 12:56:46,947 - SECURITY - WARNING - [MISSING_REQUIRED_FIELD] ERROR - Campo mancante: nome
2025-07-28 12:56:46,947 - SECURITY - WARNING - [AI_RESPONSE_REJECTED] ERROR - Risposta AI non valida
2025-07-28 12:56:49,242 - SECURITY - WARNING - [PROMPT_GENERATION] MEDIUM - Mittente: Rainer Battisti <user1740@eata, Lunghezza: 1741
2025-07-28 12:56:50,504 - SECURITY - WARNING - [MISSING_REQUIRED_FIELD] ERROR - Campo mancante: nome
2025-07-28 12:56:50,504 - SECURITY - WARNING - [AI_RESPONSE_REJECTED] ERROR - Risposta AI non valida
2025-07-28 12:56:52,882 - SECURITY - WARNING - [PROMPT_GENERATION] MEDIUM - Mittente: Tantosvago <sys@tantosvago.it>, Lunghezza: 1181
2025-07-28 12:56:54,004 - SECURITY - WARNING - [MISSING_REQUIRED_FIELD] ERROR - Campo mancante: nome
2025-07-28 12:56:54,004 - SECURITY - WARNING - [AI_RESPONSE_REJECTED] ERROR - Risposta AI non valida
2025-07-28 12:56:56,226 - SECURITY - WARNING - [PROMPT_GENERATION] MEDIUM - Mittente: "Beneficy" <noreply@beneficy.c, Lunghezza: 1175
2025-07-28 12:56:57,593 - SECURITY - WARNING - [MISSING_REQUIRED_FIELD] ERROR - Campo mancante: nome
2025-07-28 12:56:57,593 - SECURITY - WARNING - [AI_RESPONSE_REJECTED] ERROR - Risposta AI non valida
2025-07-28 12:56:59,850 - SECURITY - WARNING - [PROMPT_GENERATION] MEDIUM - Mittente: "Servizio Informazioni Welfare, Lunghezza: 1166
2025-07-28 12:57:01,273 - SECURITY - WARNING - [MISSING_REQUIRED_FIELD] ERROR - Campo mancante: nome
2025-07-28 12:57:01,273 - SECURITY - WARNING - [AI_RESPONSE_REJECTED] ERROR - Risposta AI non valida
2025-07-28 12:57:03,388 - SECURITY - WARNING - [PROMPT_GENERATION] MEDIUM - Mittente: ordini@negozio.com, Lunghezza: 394
2025-07-28 12:57:05,194 - SECURITY - WARNING - [MISSING_REQUIRED_FIELD] ERROR - Campo mancante: nome
2025-07-28 12:57:05,194 - SECURITY - WARNING - [AI_RESPONSE_REJECTED] ERROR - Risposta AI non valida
2025-07-28 12:59:42,626 - SECURITY - WARNING - [PROMPT_GENERATION] MEDIUM - Mittente: "noreply@gruppopellegrini.it" , Lunghezza: 1545
2025-07-28 12:59:45,062 - SECURITY - WARNING - [AI_RESPONSE_RECEIVED] INFO - Lunghezza risposta: 457
2025-07-28 13:02:14,047 - SECURITY - WARNING - [PROMPT_GENERATION] MEDIUM - Mittente: "noreply@gruppopellegrini.it" , Lunghezza: 1545
2025-07-28 13:02:16,187 - SECURITY - WARNING - [AI_RESPONSE_RECEIVED] INFO - Lunghezza risposta: 457
2025-07-28 13:05:06,714 - SECURITY - WARNING - [PROMPT_GENERATION] MEDIUM - Mittente: "noreply@gruppopellegrini.it" , Lunghezza: 1545
2025-07-28 13:05:08,454 - SECURITY - WARNING - [AI_RESPONSE_RECEIVED] INFO - Lunghezza risposta: 457
2025-07-28 13:05:09,548 - SECURITY - ERROR - [PROMPT_INJECTION_ATTEMPT] HIGH - Pattern rilevato: (?i)ignora.*(?:tutto|precedent... nel contenuto email
2025-07-28 13:05:10,661 - SECURITY - ERROR - [PROMPT_INJECTION_ATTEMPT] HIGH - Pattern rilevato: (?i)assistant\s*:... nel contenuto email
2025-07-28 13:05:13,106 - SECURITY - WARNING - [PROMPT_GENERATION] MEDIUM - Mittente: attacker@example.com, Lunghezza: 464
2025-07-28 13:05:14,200 - SECURITY - WARNING - [AI_RESPONSE_RECEIVED] INFO - Lunghezza risposta: 408
2025-07-28 13:07:18,681 - SECURITY - WARNING - [PROMPT_GENERATION] MEDIUM - Mittente: "noreply@gruppopellegrini.it" , Lunghezza: 1545
2025-07-28 13:07:20,542 - SECURITY - WARNING - [AI_RESPONSE_RECEIVED] INFO - Lunghezza risposta: 457
2025-07-28 13:07:21,634 - SECURITY - ERROR - [PROMPT_INJECTION_ATTEMPT] HIGH - Pattern rilevato: (?i)ignora.*(?:tutto|precedent... nel contenuto email
2025-07-28 13:07:22,750 - SECURITY - ERROR - [PROMPT_INJECTION_ATTEMPT] HIGH - Pattern rilevato: (?i)assistant\s*:... nel contenuto email
2025-07-28 13:07:25,065 - SECURITY - WARNING - [PROMPT_GENERATION] MEDIUM - Mittente: attacker@example.com, Lunghezza: 464
2025-07-28 13:07:26,129 - SECURITY - WARNING - [AI_RESPONSE_RECEIVED] INFO - Lunghezza risposta: 408
2025-07-28 14:17:15,848 - SECURITY - WARNING - [PROMPT_GENERATION] MEDIUM - Mittente: "noreply@gruppopellegrini.it" , Lunghezza: 1545
2025-07-28 14:17:18,124 - SECURITY - WARNING - [AI_RESPONSE_RECEIVED] INFO - Lunghezza risposta: 457
